Build started 11/12/2015 4:41:52 PM.
     1>Project "C:\Users\Pushkin's MacBook PC\Desktop\binchar_with pointer\binchar.vcxproj" on node 2 (Build target(s)).
     1>ClCompile:
         C:\Program Files (x86)\Microsoft Visual Studio 14.0\VC\bin\CL.exe /c /ZI /nologo /W3 /WX- /Od /Oy- /D WIN32 /D _DEBUG /D _CONSOLE /D _VC80_UPGRADE=0x0600 /D _MBCS /Gm /EHsc /MTd /GS /Gy- /fp:precise /Zc:wchar_t /Zc:forScope /Zc:inline /Fo".\Debug\\" /Fd".\Debug\vc140.pdb" /Gd /TP /analyze- /errorReport:prompt binchar.cpp
         binchar.cpp
     1>c:\users\pushkin's macbook pc\desktop\binchar_with pointer\binchar.cpp(27): warning C4996: 'scanf': This function or variable may be unsafe. Consider using scanf_s instead. To disable deprecation, use _CRT_SECURE_NO_WARNINGS. See online help for details.
         c:\program files (x86)\windows kits\10\include\10.0.10150.0\ucrt\stdio.h(1270): note: see declaration of 'scanf'
     1>c:\users\pushkin's macbook pc\desktop\binchar_with pointer\binchar.cpp(28): warning C4996: 'scanf': This function or variable may be unsafe. Consider using scanf_s instead. To disable deprecation, use _CRT_SECURE_NO_WARNINGS. See online help for details.
         c:\program files (x86)\windows kits\10\include\10.0.10150.0\ucrt\stdio.h(1270): note: see declaration of 'scanf'
     1>c:\users\pushkin's macbook pc\desktop\binchar_with pointer\binchar.cpp(97): warning C4996: 'scanf': This function or variable may be unsafe. Consider using scanf_s instead. To disable deprecation, use _CRT_SECURE_NO_WARNINGS. See online help for details.
         c:\program files (x86)\windows kits\10\include\10.0.10150.0\ucrt\stdio.h(1270): note: see declaration of 'scanf'
     1>c:\users\pushkin's macbook pc\desktop\binchar_with pointer\binchar.cpp(98): warning C4996: 'scanf': This function or variable may be unsafe. Consider using scanf_s instead. To disable deprecation, use _CRT_SECURE_NO_WARNINGS. See online help for details.
         c:\program files (x86)\windows kits\10\include\10.0.10150.0\ucrt\stdio.h(1270): note: see declaration of 'scanf'
       Link:
         C:\Program Files (x86)\Microsoft Visual Studio 14.0\VC\bin\link.exe /ERRORREPORT:PROMPT /OUT:".\Debug\binchar.exe" /INCREMENTAL /NOLOGO odbc32.lib odbccp32.lib kernel32.lib user32.lib gdi32.lib winspool.lib comdlg32.lib advapi32.lib shell32.lib ole32.lib oleaut32.lib uuid.lib odbc32.lib odbccp32.lib /MANIFEST /MANIFESTUAC:"level='asInvoker' uiAccess='false'" /manifest:embed /Debug /PDB:".\Debug\binchar.pdb" /SUBSYSTEM:CONSOLE /TLBID:1 /DYNAMICBASE /NXCOMPAT /IMPLIB:".\Debug\binchar.lib" /MACHINE:X86 /SAFESEH .\Debug\binchar.obj
     1>binchar.obj : warning LNK4075: ignoring '/EDITANDCONTINUE' due to '/SAFESEH' specification
         binchar.vcxproj -> C:\Users\Pushkin's MacBook PC\Desktop\binchar_with pointer\.\Debug\binchar.exe
     1>Done Building Project "C:\Users\Pushkin's MacBook PC\Desktop\binchar_with pointer\binchar.vcxproj" (Build target(s)).

Build succeeded.

Time Elapsed 00:00:05.62
